<?xml version="1.0" encoding="UTF-8"?>
<!-- Generated by org.testng.reporters.JUnitReportReporter -->
<testsuite hostname="DIYAs-MacBook-Pro.local" name="com.maven.selenium.jenkins.GoogleLogin" tests="1" failures="0" timestamp="10 Aug 2020 05:03:04 GMT" time="3.699" errors="0">
  <testcase name="openGoogle" time="3.699" classname="com.maven.selenium.jenkins.GoogleLogin"/>
</testsuite> <!-- com.maven.selenium.jenkins.GoogleLogin -->
