<?xml version="1.0" encoding="UTF-8"?>
<!-- Generated by org.testng.reporters.JUnitReportReporter -->
<testsuite hostname="DIYAs-MacBook-Pro.local" name="com.maven.selenium.jenkins.Amazonlogin" tests="2" failures="0" timestamp="3 Feb 2020 20:10:09 GMT" time="11.003" errors="0">
  <testcase name="openAmazonUrl" time="1.905" classname="com.maven.selenium.jenkins.Amazonlogin"/>
  <testcase name="openGogoleUrl" time="9.098" classname="com.maven.selenium.jenkins.Amazonlogin"/>
</testsuite> <!-- com.maven.selenium.jenkins.Amazonlogin -->
