<?xml version="1.0" encoding="UTF-8"?>
<!-- Generated by org.testng.reporters.JUnitReportReporter -->
<testsuite hostname="DIYAs-MacBook-Pro.local" name="com.maven.selenium.jenkins.Amazonlogin" tests="2" failures="0" timestamp="10 Aug 2020 05:00:24 GMT" time="3.860" errors="0">
  <testcase name="openGogoleUrl" time="2.414" classname="com.maven.selenium.jenkins.Amazonlogin"/>
  <testcase name="openAmazonUrl" time="1.446" classname="com.maven.selenium.jenkins.Amazonlogin"/>
</testsuite> <!-- com.maven.selenium.jenkins.Amazonlogin -->
