<?xml version="1.0" encoding="UTF-8"?>
<!-- Generated by org.testng.reporters.JUnitReportReporter -->
<testsuite hostname="DIYAs-MacBook-Pro.local" name="com.maven.selenium.jenkins.Amazonlogin" tests="2" failures="0" timestamp="4 Feb 2020 19:03:50 GMT" time="8.356" errors="0">
  <testcase name="openAmazonUrl" time="6.820" classname="com.maven.selenium.jenkins.Amazonlogin"/>
  <testcase name="openGogoleUrl" time="1.536" classname="com.maven.selenium.jenkins.Amazonlogin"/>
</testsuite> <!-- com.maven.selenium.jenkins.Amazonlogin -->
