<?xml version="1.0" encoding="UTF-8"?>
<!-- Generated by org.testng.reporters.JUnitReportReporter -->
<testsuite hostname="DIYAs-MacBook-Pro.local" name="com.maven.selenium.jenkins.Amazonlogin" tests="2" failures="0" timestamp="25 Feb 2020 19:25:57 GMT" time="7.094" errors="0">
  <testcase name="openGogoleUrl" time="5.330" classname="com.maven.selenium.jenkins.Amazonlogin"/>
  <testcase name="openAmazonUrl" time="1.764" classname="com.maven.selenium.jenkins.Amazonlogin"/>
</testsuite> <!-- com.maven.selenium.jenkins.Amazonlogin -->
